{"uuid":"97232738-b684-466f-b691-c6cfb22c73ae","name":"products.driverapp.runners.TestRunner","start":1529505859298,"stop":1529505860075,"children":["70697573-5391-425f-b43c-fa5ff4c39d72"],"befores":[{"name":"setUpClass","status":"passed","stage":"finished","description":"","start":1529505859325,"stop":1529505859758}],"afters":[{"name":"tearDownClass","status":"broken","statusDetails":{"known":false,"muted":false,"flaky":false,"message":"java.io.IOException: Failed to create directory C:\\Users\\Yana_Oliinyk\\Desktop\\pnsk\\drm\\driver-app-automation\\target\\cucumber.json","trace":"cucumber.runtime.CucumberException: java.io.IOException: Failed to create directory C:\\Users\\Yana_Oliinyk\\Desktop\\pnsk\\drm\\driver-app-automation\\target\\cucumber.json\r\n\tat cucumber.runtime.formatter.HTMLFormatter.reportFileOutputStream(HTMLFormatter.java:231)\r\n\tat cucumber.runtime.formatter.HTMLFormatter.jsOut(HTMLFormatter.java:219)\r\n\tat cucumber.runtime.formatter.HTMLFormatter.close(HTMLFormatter.java:114)\r\n\tat sun.reflect.NativeMethodAccessorImpl.invoke0(Native Method)\r\n\tat sun.reflect.NativeMethodAccessorImpl.invoke(NativeMethodAccessorImpl.java:62)\r\n\tat sun.reflect.DelegatingMethodAccessorImpl.invoke(DelegatingMethodAccessorImpl.java:43)\r\n\tat java.lang.reflect.Method.invoke(Method.java:498)\r\n\tat cucumber.runtime.Utils$1.call(Utils.java:40)\r\n\tat cucumber.runtime.Timeout.timeout(Timeout.java:16)\r\n\tat cucumber.runtime.Utils.invoke(Utils.java:34)\r\n\tat cucumber.runtime.RuntimeOptions$1.invoke(RuntimeOptions.java:294)\r\n\tat com.sun.proxy.$Proxy21.close(Unknown Source)\r\n\tat cucumber.api.testng.TestNGCucumberRunner.finish(TestNGCucumberRunner.java:77)\r\n\tat cucumber.api.testng.AbstractTestNGCucumberTests.tearDownClass(AbstractTestNGCucumberTests.java:34)\r\n\tat sun.reflect.NativeMethodAccessorImpl.invoke0(Native Method)\r\n\tat sun.reflect.NativeMethodAccessorImpl.invoke(NativeMethodAccessorImpl.java:62)\r\n\tat sun.reflect.DelegatingMethodAccessorImpl.invoke(DelegatingMethodAccessorImpl.java:43)\r\n\tat java.lang.reflect.Method.invoke(Method.java:498)\r\n\tat org.testng.internal.MethodInvocationHelper.invokeMethod(MethodInvocationHelper.java:124)\r\n\tat org.testng.internal.MethodInvocationHelper.invokeMethodConsideringTimeout(MethodInvocationHelper.java:59)\r\n\tat org.testng.internal.Invoker.invokeConfigurationMethod(Invoker.java:451)\r\n\tat org.testng.internal.Invoker.invokeConfigurations(Invoker.java:222)\r\n\tat org.testng.internal.Invoker.invokeConfigurations(Invoker.java:142)\r\n\tat org.testng.internal.TestMethodWorker.invokeAfterClassMethods(TestMethodWorker.java:208)\r\n\tat org.testng.internal.TestMethodWorker.run(TestMethodWorker.java:111)\r\n\tat org.testng.TestRunner.privateRun(TestRunner.java:648)\r\n\tat org.testng.TestRunner.run(TestRunner.java:505)\r\n\tat org.testng.SuiteRunner.runTest(SuiteRunner.java:455)\r\n\tat org.testng.SuiteRunner.runSequentially(SuiteRunner.java:450)\r\n\tat org.testng.SuiteRunner.privateRun(SuiteRunner.java:415)\r\n\tat org.testng.SuiteRunner.run(SuiteRunner.java:364)\r\n\tat org.testng.SuiteRunnerWorker.runSuite(SuiteRunnerWorker.java:52)\r\n\tat org.testng.SuiteRunnerWorker.run(SuiteRunnerWorker.java:84)\r\n\tat org.testng.TestNG.runSuitesSequentially(TestNG.java:1187)\r\n\tat org.testng.TestNG.runSuitesLocally(TestNG.java:1116)\r\n\tat org.testng.TestNG.runSuites(TestNG.java:1028)\r\n\tat org.testng.TestNG.run(TestNG.java:996)\r\n\tat org.testng.IDEARemoteTestNG.run(IDEARemoteTestNG.java:72)\r\n\tat org.testng.RemoteTestNGStarter.main(RemoteTestNGStarter.java:123)\r\nCaused by: java.io.IOException: Failed to create directory C:\\Users\\Yana_Oliinyk\\Desktop\\pnsk\\drm\\driver-app-automation\\target\\cucumber.json\r\n\tat cucumber.runtime.io.URLOutputStream.ensureParentDirExists(URLOutputStream.java:53)\r\n\tat cucumber.runtime.io.URLOutputStream.<init>(URLOutputStream.java:33)\r\n\tat cucumber.runtime.io.URLOutputStream.<init>(URLOutputStream.java:24)\r\n\tat cucumber.runtime.formatter.HTMLFormatter.reportFileOutputStream(HTMLFormatter.java:229)\r\n\t... 38 more\r\n"},"stage":"finished","description":"","start":1529505860062,"stop":1529505860063}]}